2021-09-09 03:06:58,227 ERROR helper.ParseErrorHandler [main] - org.xml.sax.SAXParseException; lineNumber: 5; columnNumber: 8; cvc-complex-type.2.4.b: The content of element 'gems' is not complete. One of '{"http://www.gemstask.org/gemSchema":gem}' is expected.
2021-09-09 03:06:58,274 ERROR helper.ParseErrorHandler [main] - org.xml.sax.SAXParseException; lineNumber: 22; columnNumber: 21; cvc-minExclusive-valid: Value '0' is not facet-valid with respect to minExclusive '0.0E1' for type 'positiveDouble'.
2021-09-09 03:06:58,290 ERROR helper.ParseErrorHandler [main] - org.xml.sax.SAXParseException; lineNumber: 22; columnNumber: 21; cvc-type.3.1.3: The value '0' of element 'value' is not valid.
2021-09-09 03:06:58,290 ERROR helper.ParseErrorHandler [main] - org.xml.sax.SAXParseException; lineNumber: 26; columnNumber: 82; cvc-datatype-valid.1.2.1: '201509-23' is not a valid value for 'date'.
2021-09-09 03:06:58,290 ERROR helper.ParseErrorHandler [main] - org.xml.sax.SAXParseException; lineNumber: 26; columnNumber: 82; cvc-attribute.3: The value '201509-23' of attribute 'originDate' on element 'gem' is not valid with respect to its type, 'date'.
2021-09-09 03:06:58,290 ERROR helper.ParseErrorHandler [main] - org.xml.sax.SAXParseException; lineNumber: 41; columnNumber: 32; cvc-maxInclusive-valid: Value '16' is not facet-valid with respect to maxInclusive '15' for type 'edgeNumber'.
2021-09-09 03:06:58,290 ERROR helper.ParseErrorHandler [main] - org.xml.sax.SAXParseException; lineNumber: 41; columnNumber: 32; cvc-type.3.1.3: The value '16' of element 'edgeNumber' is not valid.
2021-09-09 03:06:58,290 ERROR helper.ParseErrorHandler [main] - org.xml.sax.SAXParseException; lineNumber: 71; columnNumber: 31; cvc-minInclusive-valid: Value '0' is not facet-valid with respect to minInclusive '4' for type 'edgeNumber'.
2021-09-09 03:06:58,290 ERROR helper.ParseErrorHandler [main] - org.xml.sax.SAXParseException; lineNumber: 71; columnNumber: 31; cvc-type.3.1.3: The value '0' of element 'edgeNumber' is not valid.
2021-09-09 03:06:58,290 ERROR helper.ParseErrorHandler [main] - org.xml.sax.SAXParseException; lineNumber: 86; columnNumber: 68; cvc-enumeration-valid: Value 'semipreciou' is not facet-valid with respect to enumeration '[precious, semiprecious]'. It must be a value from the enumeration.
2021-09-09 03:06:58,290 ERROR helper.ParseErrorHandler [main] - org.xml.sax.SAXParseException; lineNumber: 86; columnNumber: 68; cvc-attribute.3: The value 'semipreciou' of attribute 'preciousness' on element 'gem' is not valid with respect to its type, 'preciousness'.
2021-09-09 03:06:58,290 ERROR helper.ParseErrorHandler [main] - org.xml.sax.SAXParseException; lineNumber: 101; columnNumber: 30; cvc-datatype-valid.1.2.1: '' is not a valid value for 'integer'.
2021-09-09 03:06:58,290 ERROR helper.ParseErrorHandler [main] - org.xml.sax.SAXParseException; lineNumber: 101; columnNumber: 30; cvc-type.3.1.3: The value '' of element 'edgeNumber' is not valid.
2021-09-09 03:06:58,290 ERROR helper.ParseErrorHandler [main] - org.xml.sax.SAXParseException; lineNumber: 110; columnNumber: 36; cvc-maxInclusive-valid: Value '101' is not facet-valid with respect to maxInclusive '1.0E2' for type 'transparency'.
2021-09-09 03:06:58,290 ERROR helper.ParseErrorHandler [main] - org.xml.sax.SAXParseException; lineNumber: 110; columnNumber: 36; cvc-type.3.1.3: The value '101' of element 'transparency' is not valid.
2021-09-09 03:06:58,290 ERROR helper.ParseErrorHandler [main] - org.xml.sax.SAXParseException; lineNumber: 120; columnNumber: 33; cvc-datatype-valid.1.2.1: '' is not a valid value for 'double'.
2021-09-09 03:06:58,290 ERROR helper.ParseErrorHandler [main] - org.xml.sax.SAXParseException; lineNumber: 120; columnNumber: 33; cvc-type.3.1.3: The value '' of element 'transparency' is not valid.
2021-09-09 03:16:38,713 FATAL helper.ParseErrorHandler [main] - org.xml.sax.SAXParseException; lineNumber: 14; columnNumber: 8; XML document structures must start and end within the same entity.
2021-09-09 03:16:38,885 ERROR helper.ParseErrorHandler [main] - org.xml.sax.SAXParseException; lineNumber: 5; columnNumber: 8; cvc-complex-type.2.4.b: The content of element 'gems' is not complete. One of '{"http://www.gemstask.org/gemSchema":gem}' is expected.
2021-09-09 03:16:38,916 ERROR helper.ParseErrorHandler [main] - org.xml.sax.SAXParseException; lineNumber: 22; columnNumber: 21; cvc-minExclusive-valid: Value '0' is not facet-valid with respect to minExclusive '0.0E1' for type 'positiveDouble'.
2021-09-09 03:16:38,916 ERROR helper.ParseErrorHandler [main] - org.xml.sax.SAXParseException; lineNumber: 22; columnNumber: 21; cvc-type.3.1.3: The value '0' of element 'value' is not valid.
2021-09-09 03:16:38,916 ERROR helper.ParseErrorHandler [main] - org.xml.sax.SAXParseException; lineNumber: 26; columnNumber: 82; cvc-datatype-valid.1.2.1: '201509-23' is not a valid value for 'date'.
2021-09-09 03:16:38,916 ERROR helper.ParseErrorHandler [main] - org.xml.sax.SAXParseException; lineNumber: 26; columnNumber: 82; cvc-attribute.3: The value '201509-23' of attribute 'originDate' on element 'gem' is not valid with respect to its type, 'date'.
2021-09-09 03:16:38,916 ERROR helper.ParseErrorHandler [main] - org.xml.sax.SAXParseException; lineNumber: 41; columnNumber: 32; cvc-maxInclusive-valid: Value '16' is not facet-valid with respect to maxInclusive '15' for type 'edgeNumber'.
2021-09-09 03:16:38,916 ERROR helper.ParseErrorHandler [main] - org.xml.sax.SAXParseException; lineNumber: 41; columnNumber: 32; cvc-type.3.1.3: The value '16' of element 'edgeNumber' is not valid.
2021-09-09 03:16:38,916 ERROR helper.ParseErrorHandler [main] - org.xml.sax.SAXParseException; lineNumber: 71; columnNumber: 31; cvc-minInclusive-valid: Value '0' is not facet-valid with respect to minInclusive '4' for type 'edgeNumber'.
2021-09-09 03:16:38,916 ERROR helper.ParseErrorHandler [main] - org.xml.sax.SAXParseException; lineNumber: 71; columnNumber: 31; cvc-type.3.1.3: The value '0' of element 'edgeNumber' is not valid.
2021-09-09 03:16:38,932 ERROR helper.ParseErrorHandler [main] - org.xml.sax.SAXParseException; lineNumber: 86; columnNumber: 68; cvc-enumeration-valid: Value 'semipreciou' is not facet-valid with respect to enumeration '[precious, semiprecious]'. It must be a value from the enumeration.
2021-09-09 03:16:38,932 ERROR helper.ParseErrorHandler [main] - org.xml.sax.SAXParseException; lineNumber: 86; columnNumber: 68; cvc-attribute.3: The value 'semipreciou' of attribute 'preciousness' on element 'gem' is not valid with respect to its type, 'preciousness'.
2021-09-09 03:16:38,932 ERROR helper.ParseErrorHandler [main] - org.xml.sax.SAXParseException; lineNumber: 101; columnNumber: 30; cvc-datatype-valid.1.2.1: '' is not a valid value for 'integer'.
2021-09-09 03:16:38,932 ERROR helper.ParseErrorHandler [main] - org.xml.sax.SAXParseException; lineNumber: 101; columnNumber: 30; cvc-type.3.1.3: The value '' of element 'edgeNumber' is not valid.
2021-09-09 03:16:38,932 ERROR helper.ParseErrorHandler [main] - org.xml.sax.SAXParseException; lineNumber: 110; columnNumber: 36; cvc-maxInclusive-valid: Value '101' is not facet-valid with respect to maxInclusive '1.0E2' for type 'transparency'.
2021-09-09 03:16:38,932 ERROR helper.ParseErrorHandler [main] - org.xml.sax.SAXParseException; lineNumber: 110; columnNumber: 36; cvc-type.3.1.3: The value '101' of element 'transparency' is not valid.
2021-09-09 03:16:38,932 ERROR helper.ParseErrorHandler [main] - org.xml.sax.SAXParseException; lineNumber: 120; columnNumber: 33; cvc-datatype-valid.1.2.1: '' is not a valid value for 'double'.
2021-09-09 03:16:38,948 ERROR helper.ParseErrorHandler [main] - org.xml.sax.SAXParseException; lineNumber: 120; columnNumber: 33; cvc-type.3.1.3: The value '' of element 'transparency' is not valid.
2021-09-09 03:17:06,913 FATAL helper.ParseErrorHandler [main] - org.xml.sax.SAXParseException; lineNumber: 14; columnNumber: 8; XML document structures must start and end within the same entity.
2021-09-09 03:17:07,069 ERROR helper.ParseErrorHandler [main] - org.xml.sax.SAXParseException; lineNumber: 5; columnNumber: 8; cvc-complex-type.2.4.b: The content of element 'gems' is not complete. One of '{"http://www.gemstask.org/gemSchema":gem}' is expected.
2021-09-09 03:17:07,116 ERROR helper.ParseErrorHandler [main] - org.xml.sax.SAXParseException; lineNumber: 22; columnNumber: 21; cvc-minExclusive-valid: Value '0' is not facet-valid with respect to minExclusive '0.0E1' for type 'positiveDouble'.
2021-09-09 03:17:07,116 ERROR helper.ParseErrorHandler [main] - org.xml.sax.SAXParseException; lineNumber: 22; columnNumber: 21; cvc-type.3.1.3: The value '0' of element 'value' is not valid.
2021-09-09 03:17:07,116 ERROR helper.ParseErrorHandler [main] - org.xml.sax.SAXParseException; lineNumber: 26; columnNumber: 82; cvc-datatype-valid.1.2.1: '201509-23' is not a valid value for 'date'.
2021-09-09 03:17:07,116 ERROR helper.ParseErrorHandler [main] - org.xml.sax.SAXParseException; lineNumber: 26; columnNumber: 82; cvc-attribute.3: The value '201509-23' of attribute 'originDate' on element 'gem' is not valid with respect to its type, 'date'.
2021-09-09 03:17:07,116 ERROR helper.ParseErrorHandler [main] - org.xml.sax.SAXParseException; lineNumber: 41; columnNumber: 32; cvc-maxInclusive-valid: Value '16' is not facet-valid with respect to maxInclusive '15' for type 'edgeNumber'.
2021-09-09 03:17:07,116 ERROR helper.ParseErrorHandler [main] - org.xml.sax.SAXParseException; lineNumber: 41; columnNumber: 32; cvc-type.3.1.3: The value '16' of element 'edgeNumber' is not valid.
2021-09-09 03:17:07,116 ERROR helper.ParseErrorHandler [main] - org.xml.sax.SAXParseException; lineNumber: 71; columnNumber: 31; cvc-minInclusive-valid: Value '0' is not facet-valid with respect to minInclusive '4' for type 'edgeNumber'.
2021-09-09 03:17:07,116 ERROR helper.ParseErrorHandler [main] - org.xml.sax.SAXParseException; lineNumber: 71; columnNumber: 31; cvc-type.3.1.3: The value '0' of element 'edgeNumber' is not valid.
2021-09-09 03:17:07,116 ERROR helper.ParseErrorHandler [main] - org.xml.sax.SAXParseException; lineNumber: 86; columnNumber: 68; cvc-enumeration-valid: Value 'semipreciou' is not facet-valid with respect to enumeration '[precious, semiprecious]'. It must be a value from the enumeration.
2021-09-09 03:17:07,116 ERROR helper.ParseErrorHandler [main] - org.xml.sax.SAXParseException; lineNumber: 86; columnNumber: 68; cvc-attribute.3: The value 'semipreciou' of attribute 'preciousness' on element 'gem' is not valid with respect to its type, 'preciousness'.
2021-09-09 03:17:07,116 ERROR helper.ParseErrorHandler [main] - org.xml.sax.SAXParseException; lineNumber: 101; columnNumber: 30; cvc-datatype-valid.1.2.1: '' is not a valid value for 'integer'.
2021-09-09 03:17:07,116 ERROR helper.ParseErrorHandler [main] - org.xml.sax.SAXParseException; lineNumber: 101; columnNumber: 30; cvc-type.3.1.3: The value '' of element 'edgeNumber' is not valid.
2021-09-09 03:17:07,132 ERROR helper.ParseErrorHandler [main] - org.xml.sax.SAXParseException; lineNumber: 110; columnNumber: 36; cvc-maxInclusive-valid: Value '101' is not facet-valid with respect to maxInclusive '1.0E2' for type 'transparency'.
2021-09-09 03:17:07,132 ERROR helper.ParseErrorHandler [main] - org.xml.sax.SAXParseException; lineNumber: 110; columnNumber: 36; cvc-type.3.1.3: The value '101' of element 'transparency' is not valid.
2021-09-09 03:17:07,132 ERROR helper.ParseErrorHandler [main] - org.xml.sax.SAXParseException; lineNumber: 120; columnNumber: 33; cvc-datatype-valid.1.2.1: '' is not a valid value for 'double'.
2021-09-09 03:17:07,132 ERROR helper.ParseErrorHandler [main] - org.xml.sax.SAXParseException; lineNumber: 120; columnNumber: 33; cvc-type.3.1.3: The value '' of element 'transparency' is not valid.
2021-09-09 03:19:57,701 FATAL helper.ParseErrorHandler [main] - org.xml.sax.SAXParseException; lineNumber: 14; columnNumber: 8; XML document structures must start and end within the same entity.
2021-09-09 03:19:57,873 ERROR helper.ParseErrorHandler [main] - org.xml.sax.SAXParseException; lineNumber: 5; columnNumber: 8; cvc-complex-type.2.4.b: The content of element 'gems' is not complete. One of '{"http://www.gemstask.org/gemSchema":gem}' is expected.
2021-09-09 03:19:57,919 ERROR helper.ParseErrorHandler [main] - org.xml.sax.SAXParseException; lineNumber: 22; columnNumber: 21; cvc-minExclusive-valid: Value '0' is not facet-valid with respect to minExclusive '0.0E1' for type 'positiveDouble'.
2021-09-09 03:19:57,919 ERROR helper.ParseErrorHandler [main] - org.xml.sax.SAXParseException; lineNumber: 22; columnNumber: 21; cvc-type.3.1.3: The value '0' of element 'value' is not valid.
2021-09-09 03:19:57,919 ERROR helper.ParseErrorHandler [main] - org.xml.sax.SAXParseException; lineNumber: 26; columnNumber: 82; cvc-datatype-valid.1.2.1: '201509-23' is not a valid value for 'date'.
2021-09-09 03:19:57,919 ERROR helper.ParseErrorHandler [main] - org.xml.sax.SAXParseException; lineNumber: 26; columnNumber: 82; cvc-attribute.3: The value '201509-23' of attribute 'originDate' on element 'gem' is not valid with respect to its type, 'date'.
2021-09-09 03:19:57,919 ERROR helper.ParseErrorHandler [main] - org.xml.sax.SAXParseException; lineNumber: 41; columnNumber: 32; cvc-maxInclusive-valid: Value '16' is not facet-valid with respect to maxInclusive '15' for type 'edgeNumber'.
2021-09-09 03:19:57,919 ERROR helper.ParseErrorHandler [main] - org.xml.sax.SAXParseException; lineNumber: 41; columnNumber: 32; cvc-type.3.1.3: The value '16' of element 'edgeNumber' is not valid.
2021-09-09 03:19:57,919 ERROR helper.ParseErrorHandler [main] - org.xml.sax.SAXParseException; lineNumber: 71; columnNumber: 31; cvc-minInclusive-valid: Value '0' is not facet-valid with respect to minInclusive '4' for type 'edgeNumber'.
2021-09-09 03:19:57,919 ERROR helper.ParseErrorHandler [main] - org.xml.sax.SAXParseException; lineNumber: 71; columnNumber: 31; cvc-type.3.1.3: The value '0' of element 'edgeNumber' is not valid.
2021-09-09 03:19:57,919 ERROR helper.ParseErrorHandler [main] - org.xml.sax.SAXParseException; lineNumber: 86; columnNumber: 68; cvc-enumeration-valid: Value 'semipreciou' is not facet-valid with respect to enumeration '[precious, semiprecious]'. It must be a value from the enumeration.
2021-09-09 03:19:57,919 ERROR helper.ParseErrorHandler [main] - org.xml.sax.SAXParseException; lineNumber: 86; columnNumber: 68; cvc-attribute.3: The value 'semipreciou' of attribute 'preciousness' on element 'gem' is not valid with respect to its type, 'preciousness'.
2021-09-09 03:19:57,935 ERROR helper.ParseErrorHandler [main] - org.xml.sax.SAXParseException; lineNumber: 101; columnNumber: 30; cvc-datatype-valid.1.2.1: '' is not a valid value for 'integer'.
2021-09-09 03:19:57,935 ERROR helper.ParseErrorHandler [main] - org.xml.sax.SAXParseException; lineNumber: 101; columnNumber: 30; cvc-type.3.1.3: The value '' of element 'edgeNumber' is not valid.
2021-09-09 03:19:57,935 ERROR helper.ParseErrorHandler [main] - org.xml.sax.SAXParseException; lineNumber: 110; columnNumber: 36; cvc-maxInclusive-valid: Value '101' is not facet-valid with respect to maxInclusive '1.0E2' for type 'transparency'.
2021-09-09 03:19:57,935 ERROR helper.ParseErrorHandler [main] - org.xml.sax.SAXParseException; lineNumber: 110; columnNumber: 36; cvc-type.3.1.3: The value '101' of element 'transparency' is not valid.
2021-09-09 03:19:57,935 ERROR helper.ParseErrorHandler [main] - org.xml.sax.SAXParseException; lineNumber: 120; columnNumber: 33; cvc-datatype-valid.1.2.1: '' is not a valid value for 'double'.
2021-09-09 03:19:57,935 ERROR helper.ParseErrorHandler [main] - org.xml.sax.SAXParseException; lineNumber: 120; columnNumber: 33; cvc-type.3.1.3: The value '' of element 'transparency' is not valid.
2021-09-09 03:22:48,332 FATAL helper.ParseErrorHandler [main] - org.xml.sax.SAXParseException; lineNumber: 14; columnNumber: 8; XML document structures must start and end within the same entity.
2021-09-09 03:22:48,504 ERROR helper.ParseErrorHandler [main] - org.xml.sax.SAXParseException; lineNumber: 5; columnNumber: 8; cvc-complex-type.2.4.b: The content of element 'gems' is not complete. One of '{"http://www.gemstask.org/gemSchema":gem}' is expected.
2021-09-09 03:22:48,535 ERROR helper.ParseErrorHandler [main] - org.xml.sax.SAXParseException; lineNumber: 22; columnNumber: 21; cvc-minExclusive-valid: Value '0' is not facet-valid with respect to minExclusive '0.0E1' for type 'positiveDouble'.
2021-09-09 03:22:48,535 ERROR helper.ParseErrorHandler [main] - org.xml.sax.SAXParseException; lineNumber: 22; columnNumber: 21; cvc-type.3.1.3: The value '0' of element 'value' is not valid.
2021-09-09 03:22:48,535 ERROR helper.ParseErrorHandler [main] - org.xml.sax.SAXParseException; lineNumber: 26; columnNumber: 82; cvc-datatype-valid.1.2.1: '201509-23' is not a valid value for 'date'.
2021-09-09 03:22:48,535 ERROR helper.ParseErrorHandler [main] - org.xml.sax.SAXParseException; lineNumber: 26; columnNumber: 82; cvc-attribute.3: The value '201509-23' of attribute 'originDate' on element 'gem' is not valid with respect to its type, 'date'.
2021-09-09 03:22:48,551 ERROR helper.ParseErrorHandler [main] - org.xml.sax.SAXParseException; lineNumber: 41; columnNumber: 32; cvc-maxInclusive-valid: Value '16' is not facet-valid with respect to maxInclusive '15' for type 'edgeNumber'.
2021-09-09 03:22:48,551 ERROR helper.ParseErrorHandler [main] - org.xml.sax.SAXParseException; lineNumber: 41; columnNumber: 32; cvc-type.3.1.3: The value '16' of element 'edgeNumber' is not valid.
2021-09-09 03:22:48,551 ERROR helper.ParseErrorHandler [main] - org.xml.sax.SAXParseException; lineNumber: 71; columnNumber: 31; cvc-minInclusive-valid: Value '0' is not facet-valid with respect to minInclusive '4' for type 'edgeNumber'.
2021-09-09 03:22:48,551 ERROR helper.ParseErrorHandler [main] - org.xml.sax.SAXParseException; lineNumber: 71; columnNumber: 31; cvc-type.3.1.3: The value '0' of element 'edgeNumber' is not valid.
2021-09-09 03:22:48,551 ERROR helper.ParseErrorHandler [main] - org.xml.sax.SAXParseException; lineNumber: 86; columnNumber: 68; cvc-enumeration-valid: Value 'semipreciou' is not facet-valid with respect to enumeration '[precious, semiprecious]'. It must be a value from the enumeration.
2021-09-09 03:22:48,551 ERROR helper.ParseErrorHandler [main] - org.xml.sax.SAXParseException; lineNumber: 86; columnNumber: 68; cvc-attribute.3: The value 'semipreciou' of attribute 'preciousness' on element 'gem' is not valid with respect to its type, 'preciousness'.
2021-09-09 03:22:48,551 ERROR helper.ParseErrorHandler [main] - org.xml.sax.SAXParseException; lineNumber: 101; columnNumber: 30; cvc-datatype-valid.1.2.1: '' is not a valid value for 'integer'.
2021-09-09 03:22:48,551 ERROR helper.ParseErrorHandler [main] - org.xml.sax.SAXParseException; lineNumber: 101; columnNumber: 30; cvc-type.3.1.3: The value '' of element 'edgeNumber' is not valid.
2021-09-09 03:22:48,551 ERROR helper.ParseErrorHandler [main] - org.xml.sax.SAXParseException; lineNumber: 110; columnNumber: 36; cvc-maxInclusive-valid: Value '101' is not facet-valid with respect to maxInclusive '1.0E2' for type 'transparency'.
2021-09-09 03:22:48,551 ERROR helper.ParseErrorHandler [main] - org.xml.sax.SAXParseException; lineNumber: 110; columnNumber: 36; cvc-type.3.1.3: The value '101' of element 'transparency' is not valid.
2021-09-09 03:22:48,551 ERROR helper.ParseErrorHandler [main] - org.xml.sax.SAXParseException; lineNumber: 120; columnNumber: 33; cvc-datatype-valid.1.2.1: '' is not a valid value for 'double'.
2021-09-09 03:22:48,567 ERROR helper.ParseErrorHandler [main] - org.xml.sax.SAXParseException; lineNumber: 120; columnNumber: 33; cvc-type.3.1.3: The value '' of element 'transparency' is not valid.
2021-09-09 03:25:01,915 FATAL helper.ParseErrorHandler [main] - org.xml.sax.SAXParseException; lineNumber: 14; columnNumber: 8; XML document structures must start and end within the same entity.
2021-09-09 03:25:02,087 ERROR helper.ParseErrorHandler [main] - org.xml.sax.SAXParseException; lineNumber: 5; columnNumber: 8; cvc-complex-type.2.4.b: The content of element 'gems' is not complete. One of '{"http://www.gemstask.org/gemSchema":gem}' is expected.
2021-09-09 03:25:02,118 ERROR helper.ParseErrorHandler [main] - org.xml.sax.SAXParseException; lineNumber: 22; columnNumber: 21; cvc-minExclusive-valid: Value '0' is not facet-valid with respect to minExclusive '0.0E1' for type 'positiveDouble'.
2021-09-09 03:25:02,118 ERROR helper.ParseErrorHandler [main] - org.xml.sax.SAXParseException; lineNumber: 22; columnNumber: 21; cvc-type.3.1.3: The value '0' of element 'value' is not valid.
2021-09-09 03:25:02,118 ERROR helper.ParseErrorHandler [main] - org.xml.sax.SAXParseException; lineNumber: 26; columnNumber: 82; cvc-datatype-valid.1.2.1: '201509-23' is not a valid value for 'date'.
2021-09-09 03:25:02,118 ERROR helper.ParseErrorHandler [main] - org.xml.sax.SAXParseException; lineNumber: 26; columnNumber: 82; cvc-attribute.3: The value '201509-23' of attribute 'originDate' on element 'gem' is not valid with respect to its type, 'date'.
2021-09-09 03:25:02,118 ERROR helper.ParseErrorHandler [main] - org.xml.sax.SAXParseException; lineNumber: 41; columnNumber: 32; cvc-maxInclusive-valid: Value '16' is not facet-valid with respect to maxInclusive '15' for type 'edgeNumber'.
2021-09-09 03:25:02,118 ERROR helper.ParseErrorHandler [main] - org.xml.sax.SAXParseException; lineNumber: 41; columnNumber: 32; cvc-type.3.1.3: The value '16' of element 'edgeNumber' is not valid.
2021-09-09 03:25:02,118 ERROR helper.ParseErrorHandler [main] - org.xml.sax.SAXParseException; lineNumber: 71; columnNumber: 31; cvc-minInclusive-valid: Value '0' is not facet-valid with respect to minInclusive '4' for type 'edgeNumber'.
2021-09-09 03:25:02,118 ERROR helper.ParseErrorHandler [main] - org.xml.sax.SAXParseException; lineNumber: 71; columnNumber: 31; cvc-type.3.1.3: The value '0' of element 'edgeNumber' is not valid.
2021-09-09 03:25:02,118 ERROR helper.ParseErrorHandler [main] - org.xml.sax.SAXParseException; lineNumber: 86; columnNumber: 68; cvc-enumeration-valid: Value 'semipreciou' is not facet-valid with respect to enumeration '[precious, semiprecious]'. It must be a value from the enumeration.
2021-09-09 03:25:02,118 ERROR helper.ParseErrorHandler [main] - org.xml.sax.SAXParseException; lineNumber: 86; columnNumber: 68; cvc-attribute.3: The value 'semipreciou' of attribute 'preciousness' on element 'gem' is not valid with respect to its type, 'preciousness'.
2021-09-09 03:25:02,133 ERROR helper.ParseErrorHandler [main] - org.xml.sax.SAXParseException; lineNumber: 101; columnNumber: 30; cvc-datatype-valid.1.2.1: '' is not a valid value for 'integer'.
2021-09-09 03:25:02,133 ERROR helper.ParseErrorHandler [main] - org.xml.sax.SAXParseException; lineNumber: 101; columnNumber: 30; cvc-type.3.1.3: The value '' of element 'edgeNumber' is not valid.
2021-09-09 03:25:02,133 ERROR helper.ParseErrorHandler [main] - org.xml.sax.SAXParseException; lineNumber: 110; columnNumber: 36; cvc-maxInclusive-valid: Value '101' is not facet-valid with respect to maxInclusive '1.0E2' for type 'transparency'.
2021-09-09 03:25:02,133 ERROR helper.ParseErrorHandler [main] - org.xml.sax.SAXParseException; lineNumber: 110; columnNumber: 36; cvc-type.3.1.3: The value '101' of element 'transparency' is not valid.
2021-09-09 03:27:21,602 FATAL helper.ParseErrorHandler [main] - org.xml.sax.SAXParseException; lineNumber: 14; columnNumber: 8; XML document structures must start and end within the same entity.
2021-09-09 03:27:21,758 ERROR helper.ParseErrorHandler [main] - org.xml.sax.SAXParseException; lineNumber: 5; columnNumber: 8; cvc-complex-type.2.4.b: The content of element 'gems' is not complete. One of '{"http://www.gemstask.org/gemSchema":gem}' is expected.
2021-09-09 03:27:21,789 ERROR helper.ParseErrorHandler [main] - org.xml.sax.SAXParseException; lineNumber: 22; columnNumber: 21; cvc-minExclusive-valid: Value '0' is not facet-valid with respect to minExclusive '0.0E1' for type 'positiveDouble'.
2021-09-09 03:27:21,789 ERROR helper.ParseErrorHandler [main] - org.xml.sax.SAXParseException; lineNumber: 22; columnNumber: 21; cvc-type.3.1.3: The value '0' of element 'value' is not valid.
2021-09-09 03:27:21,789 ERROR helper.ParseErrorHandler [main] - org.xml.sax.SAXParseException; lineNumber: 26; columnNumber: 82; cvc-datatype-valid.1.2.1: '201509-23' is not a valid value for 'date'.
2021-09-09 03:27:21,789 ERROR helper.ParseErrorHandler [main] - org.xml.sax.SAXParseException; lineNumber: 26; columnNumber: 82; cvc-attribute.3: The value '201509-23' of attribute 'originDate' on element 'gem' is not valid with respect to its type, 'date'.
2021-09-09 03:27:21,789 ERROR helper.ParseErrorHandler [main] - org.xml.sax.SAXParseException; lineNumber: 41; columnNumber: 32; cvc-maxInclusive-valid: Value '16' is not facet-valid with respect to maxInclusive '15' for type 'edgeNumber'.
2021-09-09 03:27:21,789 ERROR helper.ParseErrorHandler [main] - org.xml.sax.SAXParseException; lineNumber: 41; columnNumber: 32; cvc-type.3.1.3: The value '16' of element 'edgeNumber' is not valid.
2021-09-09 03:27:21,789 ERROR helper.ParseErrorHandler [main] - org.xml.sax.SAXParseException; lineNumber: 71; columnNumber: 31; cvc-minInclusive-valid: Value '0' is not facet-valid with respect to minInclusive '4' for type 'edgeNumber'.
2021-09-09 03:27:21,789 ERROR helper.ParseErrorHandler [main] - org.xml.sax.SAXParseException; lineNumber: 71; columnNumber: 31; cvc-type.3.1.3: The value '0' of element 'edgeNumber' is not valid.
2021-09-09 03:27:21,805 ERROR helper.ParseErrorHandler [main] - org.xml.sax.SAXParseException; lineNumber: 86; columnNumber: 68; cvc-enumeration-valid: Value 'semipreciou' is not facet-valid with respect to enumeration '[precious, semiprecious]'. It must be a value from the enumeration.
2021-09-09 03:27:21,805 ERROR helper.ParseErrorHandler [main] - org.xml.sax.SAXParseException; lineNumber: 86; columnNumber: 68; cvc-attribute.3: The value 'semipreciou' of attribute 'preciousness' on element 'gem' is not valid with respect to its type, 'preciousness'.
2021-09-09 03:27:21,805 ERROR helper.ParseErrorHandler [main] - org.xml.sax.SAXParseException; lineNumber: 101; columnNumber: 30; cvc-datatype-valid.1.2.1: '' is not a valid value for 'integer'.
2021-09-09 03:27:21,805 ERROR helper.ParseErrorHandler [main] - org.xml.sax.SAXParseException; lineNumber: 101; columnNumber: 30; cvc-type.3.1.3: The value '' of element 'edgeNumber' is not valid.
2021-09-09 03:27:21,805 ERROR helper.ParseErrorHandler [main] - org.xml.sax.SAXParseException; lineNumber: 110; columnNumber: 36; cvc-maxInclusive-valid: Value '101' is not facet-valid with respect to maxInclusive '1.0E2' for type 'transparency'.
2021-09-09 03:27:21,805 ERROR helper.ParseErrorHandler [main] - org.xml.sax.SAXParseException; lineNumber: 110; columnNumber: 36; cvc-type.3.1.3: The value '101' of element 'transparency' is not valid.
